<?xml version="1.0" encoding="UTF-8"?>
<!-- Generated by org.testng.reporters.JUnitReportReporter -->
<testsuite hostname="DESKTOP-DJ4FDME" failures="0" tests="1" name="org.wipro.auto.uo.testcases.SignupScenarios" time="4.818" errors="0" timestamp="2024-10-25T22:25:38 IST" skipped="0">
  <testcase classname="org.wipro.auto.uo.testcases.SignupScenarios" name="tc02_signup_registration_validation" time="4.818"/>
</testsuite> <!-- org.wipro.auto.uo.testcases.SignupScenarios -->
