<?xml version="1.0" encoding="UTF-8"?>
<!-- Generated by org.testng.reporters.JUnitReportReporter -->
<testsuite hostname="DESKTOP-DJ4FDME" failures="0" tests="6" name="basicPkg.FirstScenario3" time="0.011" errors="0" timestamp="2024-10-08T21:49:55 IST" skipped="0">
  <testcase classname="basicPkg.FirstScenario3" name="fifth_testcase" time="0.001"/>
  <testcase classname="basicPkg.FirstScenario3" name="second_testcase" time="0.001"/>
  <testcase classname="basicPkg.FirstScenario3" name="forth_testcase" time="0.004"/>
  <testcase classname="basicPkg.FirstScenario3" name="first_testcase" time="0.002"/>
  <testcase classname="basicPkg.FirstScenario3" name="third_testcase" time="0.002"/>
  <testcase classname="basicPkg.FirstScenario3" name="sixth_testcase" time="0.001"/>
</testsuite> <!-- basicPkg.FirstScenario3 -->
