<?xml version="1.0" encoding="UTF-8"?>
<!-- Generated by org.testng.reporters.JUnitReportReporter -->
<testsuite hostname="DESKTOP-DJ4FDME" failures="0" tests="2" name="org.xyz.automation.fb.FirstAutomation" time="15.825" errors="0" timestamp="2024-10-17T22:06:24 IST" skipped="0">
  <testcase classname="org.xyz.automation.fb.FirstAutomation" name="signup_functionality" time="8.741"/>
  <testcase classname="org.xyz.automation.fb.FirstAutomation" name="login_functionality" time="7.084"/>
</testsuite> <!-- org.xyz.automation.fb.FirstAutomation -->
