<?xml version="1.0" encoding="UTF-8"?>
<!-- Generated by org.testng.reporters.JUnitReportReporter -->
<testsuite hostname="DESKTOP-DJ4FDME" failures="0" tests="4" name="org.xyz.automation.fb.HandleKeyboardMouseWindows" time="16.761" errors="0" timestamp="2024-10-22T22:31:06 IST" skipped="2">
  <testcase classname="org.xyz.automation.fb.HandleKeyboardMouseWindows" name="handleAlerts" time="4.567"/>
  <testcase classname="org.xyz.automation.fb.HandleKeyboardMouseWindows" name="mouseOps" time="12.194"/>
  <testcase classname="org.xyz.automation.fb.HandleKeyboardMouseWindows" name="keyboardops">
    <skipped/>
  </testcase> <!-- keyboardops -->
  <testcase classname="org.xyz.automation.fb.HandleKeyboardMouseWindows" name="handleFrames">
    <skipped/>
  </testcase> <!-- handleFrames -->
</testsuite> <!-- org.xyz.automation.fb.HandleKeyboardMouseWindows -->
