<?xml version="1.0" encoding="UTF-8"?>
<!-- Generated by org.testng.reporters.JUnitReportReporter -->
<testsuite hostname="DESKTOP-DJ4FDME" failures="0" tests="1" name="org.wipro.auto.uo.basePkg.InitiateBrowser" time="5.198" errors="0" timestamp="2024-10-24T22:32:36 IST" skipped="0">
  <testcase classname="org.wipro.auto.uo.basePkg.InitiateBrowser" name="launchBrowser" time="5.198"/>
</testsuite> <!-- org.wipro.auto.uo.basePkg.InitiateBrowser -->
