<?xml version="1.0" encoding="UTF-8"?>
<!-- Generated by org.testng.reporters.JUnitReportReporter -->
<testsuite hostname="DESKTOP-DJ4FDME" failures="0" tests="3" name="org.wipro.auto.uo.testcases.LoginScenarios" time="13.006" errors="0" timestamp="2024-10-28T21:49:50 IST" skipped="0">
  <testcase classname="org.wipro.auto.uo.testcases.LoginScenarios" name="tc01_validate_validcredntail_loginfunc" time="5.892"/>
  <testcase classname="org.wipro.auto.uo.testcases.LoginScenarios" name="tc01_validate_validcredntail_loginfunc" time="3.421"/>
  <testcase classname="org.wipro.auto.uo.testcases.LoginScenarios" name="tc01_validate_validcredntail_loginfunc" time="3.693"/>
</testsuite> <!-- org.wipro.auto.uo.testcases.LoginScenarios -->
