<?xml version="1.0" encoding="UTF-8"?>
<!-- Generated by org.testng.reporters.JUnitReportReporter -->
<testsuite hostname="DESKTOP-DJ4FDME" failures="0" tests="6" name="demoTestNG.FirstScenario7" time="0.013" errors="0" timestamp="2024-10-08T21:49:55 IST" skipped="0">
  <testcase classname="demoTestNG.FirstScenario7" name="forth_testcase" time="0.001"/>
  <testcase classname="demoTestNG.FirstScenario7" name="first_testcase" time="0.001"/>
  <testcase classname="demoTestNG.FirstScenario7" name="sixth_testcase" time="0.004"/>
  <testcase classname="demoTestNG.FirstScenario7" name="second_testcase" time="0.003"/>
  <testcase classname="demoTestNG.FirstScenario7" name="third_testcase" time="0.003"/>
  <testcase classname="demoTestNG.FirstScenario7" name="fifth_testcase" time="0.001"/>
</testsuite> <!-- demoTestNG.FirstScenario7 -->
