<?xml version="1.0" encoding="UTF-8"?>
<!-- Generated by org.testng.reporters.JUnitReportReporter -->
<testsuite hostname="DESKTOP-DJ4FDME" failures="0" tests="6" name="demoTestNG.FirstScenario4" time="0.012" errors="0" timestamp="2024-10-22T22:31:06 IST" skipped="0">
  <testcase classname="demoTestNG.FirstScenario4" name="second_testcase" time="0.001"/>
  <testcase classname="demoTestNG.FirstScenario4" name="sixth_testcase" time="0.002"/>
  <testcase classname="demoTestNG.FirstScenario4" name="third_testcase" time="0.002"/>
  <testcase classname="demoTestNG.FirstScenario4" name="first_testcase" time="0.002"/>
  <testcase classname="demoTestNG.FirstScenario4" name="fifth_testcase" time="0.004"/>
  <testcase classname="demoTestNG.FirstScenario4" name="forth_testcase" time="0.001"/>
</testsuite> <!-- demoTestNG.FirstScenario4 -->
