<?xml version="1.0" encoding="UTF-8"?>
<!-- Generated by org.testng.reporters.JUnitReportReporter -->
<testsuite hostname="DESKTOP-DJ4FDME" failures="0" tests="4" name="org.xyz.automation.fb.BrowserHandle" time="4.426" errors="0" timestamp="2024-10-16T21:52:57 IST" skipped="3">
  <testcase classname="org.xyz.automation.fb.BrowserHandle" name="selectCalendar" time="4.426"/>
  <testcase classname="org.xyz.automation.fb.BrowserHandle" name="login">
    <skipped/>
  </testcase> <!-- login -->
  <testcase classname="org.xyz.automation.fb.BrowserHandle" name="differentbttns">
    <skipped/>
  </testcase> <!-- differentbttns -->
  <testcase classname="org.xyz.automation.fb.BrowserHandle" name="launchBrowser">
    <skipped/>
  </testcase> <!-- launchBrowser -->
</testsuite> <!-- org.xyz.automation.fb.BrowserHandle -->
