<?xml version="1.0" encoding="UTF-8"?>
<!-- Generated by org.testng.reporters.JUnitReportReporter -->
<testsuite hostname="DESKTOP-DJ4FDME" failures="0" tests="1" name="org.xyz.automation.fb.WaitsWebDriver" time="5.884" errors="0" timestamp="2024-10-23T21:52:45 IST" skipped="0">
  <testcase classname="org.xyz.automation.fb.WaitsWebDriver" name="loginPage" time="5.884"/>
</testsuite> <!-- org.xyz.automation.fb.WaitsWebDriver -->
